<?xml version="1.0" encoding="UTF-8"?>
<!-- Generated by org.testng.reporters.JUnitReportReporter -->
<testsuite hostname="Ramya" failures="0" tests="2" name="unitTest.UnitTest" time="6.608" errors="0" timestamp="2025-04-27T12:10:46 IST" skipped="0">
  <testcase classname="unitTest.UnitTest" name="test_case_2" time="3.554"/>
  <testcase classname="unitTest.UnitTest" name="test_case_1" time="3.054"/>
</testsuite> <!-- unitTest.UnitTest -->
