<?xml version="1.0" encoding="UTF-8"?>
<!-- Generated by org.testng.reporters.JUnitReportReporter -->
<testsuite hostname="Ramya" failures="0" tests="2" name="unitTest.ParellelTest1" time="2.708" errors="0" timestamp="2025-04-28T08:26:09 IST" skipped="0">
  <testcase classname="unitTest.ParellelTest1" name="searchTest3" time="2.535"/>
  <testcase classname="unitTest.ParellelTest1" name="searchTest2" time="0.173"/>
</testsuite> <!-- unitTest.ParellelTest1 -->
