<?xml version="1.0" encoding="UTF-8"?>
<!-- Generated by org.testng.reporters.JUnitReportReporter -->
<testsuite hostname="Ramya" failures="0" tests="2" name="unitTest.ParellelTest2" time="2.644" errors="0" timestamp="2025-04-28T08:26:09 IST" skipped="0">
  <testcase classname="unitTest.ParellelTest2" name="searchTest2" time="0.131"/>
  <testcase classname="unitTest.ParellelTest2" name="searchTest3" time="2.513"/>
</testsuite> <!-- unitTest.ParellelTest2 -->
